<?xml version="1.0" encoding="UTF-8"?>
<!-- Generated by org.testng.reporters.JUnitReportReporter -->
<testsuite hostname="DESKTOP-QQJINFP" failures="0" tests="1" name="Edit.EducacionIT_64249.AppTest" time="0.004" errors="0" timestamp="2023-07-14T08:46:56 ART" skipped="0">
  <testcase classname="Edit.EducacionIT_64249.AppTest" name="shouldAnswerWithTrue" time="0.004"/>
  <system-out/>
</testsuite> <!-- Edit.EducacionIT_64249.AppTest -->
