<?xml version="1.0" encoding="UTF-8"?>
<!-- Generated by org.testng.reporters.JUnitReportReporter -->
<testsuite hostname="DESKTOP-QQJINFP" failures="0" tests="10" name="pruebas.Clase8bTest" time="20.666" errors="0" timestamp="2023-07-25T09:51:03 ART" skipped="0">
  <testcase classname="pruebas.Clase8bTest" name="login" time="2.901"/>
  <system-out/>
  <testcase classname="pruebas.Clase8bTest" name="login" time="1.975"/>
  <system-out/>
  <testcase classname="pruebas.Clase8bTest" name="login" time="1.959"/>
  <system-out/>
  <testcase classname="pruebas.Clase8bTest" name="login" time="1.565"/>
  <system-out/>
  <testcase classname="pruebas.Clase8bTest" name="login" time="2.162"/>
  <system-out/>
  <testcase classname="pruebas.Clase8bTest" name="login" time="2.510"/>
  <system-out/>
  <testcase classname="pruebas.Clase8bTest" name="login" time="1.853"/>
  <system-out/>
  <testcase classname="pruebas.Clase8bTest" name="login" time="1.762"/>
  <system-out/>
  <testcase classname="pruebas.Clase8bTest" name="login" time="2.096"/>
  <system-out/>
  <testcase classname="pruebas.Clase8bTest" name="login" time="1.883"/>
  <system-out/>
</testsuite> <!-- pruebas.Clase8bTest -->
