<?xml version="1.0" encoding="UTF-8"?>
<!-- Generated by org.testng.reporters.JUnitReportReporter -->
<testsuite hostname="DESKTOP-QQJINFP" failures="0" tests="3" name="Edit.EducacionIT_64249.CrossBrowsingTest" time="3.518" errors="0" timestamp="2023-07-21T08:35:07 ART" skipped="0">
  <testcase classname="Edit.EducacionIT_64249.CrossBrowsingTest" name="buscarPalabra" time="0.082"/>
  <system-out/>
  <testcase classname="Edit.EducacionIT_64249.CrossBrowsingTest" name="buscarPalabra" time="2.137"/>
  <system-out/>
  <testcase classname="Edit.EducacionIT_64249.CrossBrowsingTest" name="buscarPalabra" time="1.299"/>
  <system-out/>
</testsuite> <!-- Edit.EducacionIT_64249.CrossBrowsingTest -->
