<?xml version="1.0" encoding="UTF-8"?>
<!-- Generated by org.testng.reporters.JUnitReportReporter -->
<testsuite hostname="DESKTOP-QQJINFP" failures="0" tests="1" name="Edit.EducacionIT_64249.ScrollScreenshotTest" time="39.159" errors="0" timestamp="2023-07-28T08:51:43 ART" skipped="0">
  <testcase classname="Edit.EducacionIT_64249.ScrollScreenshotTest" name="scrollScreenshotTest" time="39.159"/>
  <system-out/>
</testsuite> <!-- Edit.EducacionIT_64249.ScrollScreenshotTest -->
