<?xml version="1.0" encoding="UTF-8"?>
<!-- Generated by org.testng.reporters.JUnitReportReporter -->
<testsuite hostname="DESKTOP-QQJINFP" failures="0" tests="1" name="pruebas.Clase8Test" time="5.207" errors="0" timestamp="2023-07-25T08:50:47 ART" skipped="0">
  <testcase classname="pruebas.Clase8Test" name="alertaConDemora" time="5.207"/>
  <system-out/>
</testsuite> <!-- pruebas.Clase8Test -->
