<?xml version="1.0" encoding="UTF-8"?>
<!-- Generated by org.testng.reporters.JUnitReportReporter -->
<testsuite hostname="DESKTOP-QQJINFP" failures="0" tests="1" name="Edit.EducacionIT_64249.Clase5Test" time="17.365" errors="0" timestamp="2023-07-18T09:42:44 ART" skipped="0">
  <testcase classname="Edit.EducacionIT_64249.Clase5Test" name="irAContactanos" time="17.365"/>
  <system-out/>
</testsuite> <!-- Edit.EducacionIT_64249.Clase5Test -->
