<?xml version="1.0" encoding="UTF-8"?>
<!-- Generated by org.testng.reporters.JUnitReportReporter -->
<testsuite hostname="DESKTOP-QQJINFP" failures="0" tests="1" name="Edit.EducacionIT_64249.Clase2Test" time="7.451" errors="0" timestamp="2023-07-14T09:05:44 ART" skipped="0">
  <testcase classname="Edit.EducacionIT_64249.Clase2Test" name="buscarProductoChrome" time="7.451"/>
  <system-out/>
</testsuite> <!-- Edit.EducacionIT_64249.Clase2Test -->
